<?xml version="1.0" encoding="UTF-8"?>
<!-- Generated by org.testng.reporters.JUnitReportReporter -->
<testsuite hostname="IND040101141" failures="0" tests="1" name="testCases.TC002_ValidateLoggingIntoTheApplicationUsingValidCredentials" time="2.215" errors="0" timestamp="2025-05-06T10:28:08 IST" skipped="0">
  <testcase classname="testCases.TC002_ValidateLoggingIntoTheApplicationUsingValidCredentials" name="validLoginTest" time="2.215"/>
</testsuite> <!-- testCases.TC002_ValidateLoggingIntoTheApplicationUsingValidCredentials -->
